<?xml version="1.0" encoding="UTF-8"?>
<testsuite xmlns:xsi="http://www.w3.org/2001/XMLSchema-instance" xsi:noNamespaceSchemaLocation="https://maven.apache.org/surefire/maven-surefire-plugin/xsd/surefire-test-report-3.0.xsd" version="3.0" name="com.example.LionTest" time="0.02" tests="5" errors="0" skipped="0" failures="0">
  <properties>
[...]
</properties>
  <testcase name="testMaleHasMane" classname="com.example.LionTest" time="0"/>
  <testcase name="testFemaleHasNoMane" classname="com.example.LionTest" time="0"/>
  <testcase name="testGetKittens" classname="com.example.LionTest" time="0.004"/>
  <testcase name="testGetFoodThrowsException" classname="com.example.LionTest" time="0.011"/>
  <testcase name="testGetFoodReturnsCorrectFood" classname="com.example.LionTest" time="0.004"/>
</testsuite>